<?xml version="1.0" encoding="UTF-8"?>
<!-- Generated by org.testng.reporters.JUnitXMLReporter -->
<testsuite ignored="1" hostname="WKWEJ009981831" failures="0" tests="1" name="Default test" time="10.687" errors="0" timestamp="2025-10-29T16:32:37 IST">
  <testcase classname="Products.ProductTest" name="TC_Addproduct" time="3.32"/>
  <testcase classname="Products.ProductTest" name="TC_Addproduct1" time="0.0">
    <ignored/>
  </testcase> <!-- TC_Addproduct1 -->
</testsuite> <!-- Default test -->
