<?xml version="1.0" encoding="UTF-8"?>
<!-- Generated by org.testng.reporters.JUnitXMLReporter -->
<testsuite ignored="6" hostname="WKWEJ009981831" failures="0" tests="1" name="ProductModule" time="0.054" errors="0" timestamp="2025-10-01T19:24:51 IST">
  <testcase classname="TestNGTests.GroupingExample" name="test_2" time="0.012"/>
  <testcase classname="TestNGTests.GroupingExample" name="test_3" time="0.0">
    <ignored/>
  </testcase> <!-- test_3 -->
  <testcase classname="TestNGTests.AnnotationExample" name="firstTest_2" time="0.0">
    <ignored/>
  </testcase> <!-- firstTest_2 -->
  <testcase classname="TestNGTests.AnnotationExample" name="firstTest" time="0.0">
    <ignored/>
  </testcase> <!-- firstTest -->
  <testcase classname="TestNGTests.GroupingExample" name="test" time="0.0">
    <ignored/>
  </testcase> <!-- test -->
  <testcase classname="TestNGTests.InvocationExample" name="testCase" time="0.0">
    <ignored/>
  </testcase> <!-- testCase -->
  <testcase classname="TestNGTests.GroupingExample" name="test_4" time="0.0">
    <ignored/>
  </testcase> <!-- test_4 -->
</testsuite> <!-- ProductModule -->
