<?xml version="1.0" encoding="UTF-8"?>
<!-- Generated by org.testng.reporters.JUnitXMLReporter -->
<testsuite ignored="0" hostname="WKWEJ009981831" failures="1" tests="2" name="Test" time="21.672" errors="0" timestamp="2025-10-29T19:28:06 IST">
  <testcase classname="TestNGTests.RetryTest" name="login" time="12.187">
    <skipped/>
  </testcase> <!-- login -->
  <testcase classname="TestNGTests.RetryTest" name="login" time="9.385">
    <failure type="java.lang.AssertionError" message="expected [Goooogle] but found [Google]">
      <![CDATA[java.lang.AssertionError: expected [Goooogle] but found [Google]
at TestNGTests.RetryTest.login(RetryTest.java:32)
at java.base/java.util.ArrayList.forEach(ArrayList.java:1511)
... Removed 37 stack frames]]>
    </failure>
  </testcase> <!-- login -->
</testsuite> <!-- Test -->
