<?xml version="1.0" encoding="UTF-8"?>
<testng-results ignored="1" total="2" passed="1" failed="0" skipped="0">
  <reporter-output>
  </reporter-output>
  <suite started-at="2025-10-29T16:32:27 IST" name="Default suite" finished-at="2025-10-29T16:32:37 IST" duration-ms="10687">
    <groups>
    </groups>
    <test started-at="2025-10-29T16:32:27 IST" name="Default test" finished-at="2025-10-29T16:32:37 IST" duration-ms="10687">
      <class name="Products.ProductTest">
        <test-method is-config="true" signature="beforeSuite()[pri:0, instance:Products.ProductTest@25ce9dc4]" started-at="2025-10-29T16:32:25 IST" name="beforeSuite" finished-at="2025-10-29T16:32:27 IST" duration-ms="1355" status="PASS">
          <reporter-output>
          </reporter-output>
        </test-method> <!-- beforeSuite -->
        <test-method is-config="true" signature="beforeMethod(org.testng.ITestResult)[pri:0, instance:Products.ProductTest@25ce9dc4]" started-at="2025-10-29T16:32:27 IST" name="beforeMethod" finished-at="2025-10-29T16:32:34 IST" duration-ms="7297" status="PASS">
          <params>
            <param index="0">
              <value>
                <![CDATA[[TestResult name={null} status=CREATED method=ProductTest.TC_Addproduct()[pri:0, instance:Products.ProductTest@25ce9dc4] output={null}]]]>
              </value>
            </param>
          </params>
          <reporter-output>
          </reporter-output>
        </test-method> <!-- beforeMethod -->
        <test-method signature="TC_Addproduct()[pri:0, instance:Products.ProductTest@25ce9dc4]" started-at="2025-10-29T16:32:34 IST" name="TC_Addproduct" finished-at="2025-10-29T16:32:37 IST" duration-ms="3320" status="PASS">
          <reporter-output>
          </reporter-output>
        </test-method> <!-- TC_Addproduct -->
        <test-method is-config="true" signature="getResult(org.testng.ITestResult)[pri:0, instance:Products.ProductTest@25ce9dc4]" started-at="2025-10-29T16:32:37 IST" name="getResult" finished-at="2025-10-29T16:32:37 IST" duration-ms="14" status="PASS">
          <params>
            <param index="0">
              <value>
                <![CDATA[[TestResult name=TC_Addproduct status=SUCCESS method=ProductTest.TC_Addproduct()[pri:0, instance:Products.ProductTest@25ce9dc4] output={null}]]]>
              </value>
            </param>
          </params>
          <reporter-output>
          </reporter-output>
        </test-method> <!-- getResult -->
        <test-method is-config="true" signature="afterSuite()[pri:0, instance:Products.ProductTest@25ce9dc4]" started-at="2025-10-29T16:32:38 IST" name="afterSuite" finished-at="2025-10-29T16:32:38 IST" duration-ms="813" status="PASS">
          <reporter-output>
          </reporter-output>
        </test-method> <!-- afterSuite -->
      </class> <!-- Products.ProductTest -->
    </test> <!-- Default test -->
  </suite> <!-- Default suite -->
</testng-results>
